Build started 2014-04-03 11:20:07 AM.
     1>Project "D:\Notes\BCIT\Semester 4\COMP4985\ASN04\ComUrrdio-ASN04\ComUrrdio-ASN04\ComUrrdio-ASN04.vcxproj" on node 2 (build target(s)).
     1>InitializeBuildStatus:
         Creating "Debug\ComUrrdio-ASN04.unsuccessfulbuild" because "AlwaysCreate" was specified.
       ClCompile:
         c:\Program Files (x86)\Microsoft Visual Studio 10.0\VC\bin\CL.exe /c /ZI /nologo /W3 /WX- /Od /Oy- /D WIN32 /D _DEBUG /D _WINDOWS /D _UNICODE /D UNICODE /Gm /EHsc /RTC1 /MDd /GS /fp:precise /Zc:wchar_t /Zc:forScope /Fo"Debug\\" /Fd"Debug\vc100.pdb" /Gd /TP /analyze- /errorReport:prompt source.cpp
         source.cpp
     1>d:\notes\bcit\semester 4\comp4985\asn04\comurrdio-asn04\comurrdio-asn04\source.cpp(246): warning C4101: 'streamDataBuffer' : unreferenced local variable
     1>d:\notes\bcit\semester 4\comp4985\asn04\comurrdio-asn04\comurrdio-asn04\source.cpp(967): warning C4101: 'streamDataBuffer' : unreferenced local variable
       ResourceCompile:
         All outputs are up-to-date.
       ManifestResourceCompile:
         All outputs are up-to-date.
       Link:
         c:\Program Files (x86)\Microsoft Visual Studio 10.0\VC\bin\link.exe /ERRORREPORT:PROMPT /OUT:"D:\Notes\BCIT\Semester 4\COMP4985\ASN04\ComUrrdio-ASN04\Debug\ComUrrdio-ASN04.exe" /INCREMENTAL /NOLOGO bass.lib kernel32.lib user32.lib gdi32.lib winspool.lib comdlg32.lib advapi32.lib shell32.lib ole32.lib oleaut32.lib uuid.lib odbc32.lib odbccp32.lib /MANIFEST /ManifestFile:"Debug\ComUrrdio-ASN04.exe.intermediate.manifest" /MANIFESTUAC:"level='asInvoker' uiAccess='false'" /DEBUG /PDB:"D:\Notes\BCIT\Semester 4\COMP4985\ASN04\ComUrrdio-ASN04\Debug\ComUrrdio-ASN04.pdb" /SUBSYSTEM:WINDOWS /TLBID:1 /DYNAMICBASE /NXCOMPAT /IMPLIB:"D:\Notes\BCIT\Semester 4\COMP4985\ASN04\ComUrrdio-ASN04\Debug\ComUrrdio-ASN04.lib" /MACHINE:X86 Debug\ASN04.res
         "Debug\ComUrrdio-ASN04.exe.embed.manifest.res"
         Debug\dialogs.obj
         Debug\source.obj
       Manifest:
         C:\Program Files (x86)\Microsoft SDKs\Windows\v7.0A\bin\mt.exe /nologo /verbose /out:"Debug\ComUrrdio-ASN04.exe.embed.manifest" /manifest "Debug\ComUrrdio-ASN04.exe.intermediate.manifest"
         All outputs are up-to-date.
       LinkEmbedManifest:
         All outputs are up-to-date.
         ComUrrdio-ASN04.vcxproj -> D:\Notes\BCIT\Semester 4\COMP4985\ASN04\ComUrrdio-ASN04\Debug\ComUrrdio-ASN04.exe
       FinalizeBuildStatus:
         Deleting file "Debug\ComUrrdio-ASN04.unsuccessfulbuild".
         Touching "Debug\ComUrrdio-ASN04.lastbuildstate".
     1>Done Building Project "D:\Notes\BCIT\Semester 4\COMP4985\ASN04\ComUrrdio-ASN04\ComUrrdio-ASN04\ComUrrdio-ASN04.vcxproj" (build target(s)).

Build succeeded.

Time Elapsed 00:00:01.16
